<?xml version="1.0" encoding="UTF-8"?>
<!-- Generated by org.testng.reporters.JUnitReportReporter -->
<testsuite hostname="LAPTOP-8MD4I2BD" failures="0" tests="1" name="Runner.LoginTestRunner" time="25.938" errors="0" timestamp="28 Jun 2025 09:43:27 GMT" skipped="0">
  <testcase classname="Runner.LoginTestRunner" name="runScenario" time="25.938"/>
</testsuite> <!-- Runner.LoginTestRunner -->
